0 info it worked if it ends with ok
1 verbose cli [ '/usr/local/Cellar/node/7.6.0/bin/node',
1 verbose cli   '/usr/local/bin/npm',
1 verbose cli   'run',
1 verbose cli   'start' ]
2 info using npm@4.1.2
3 info using node@v7.6.0
4 verbose run-script [ 'prestart', 'start', 'poststart' ]
5 info lifecycle appbackend@1.0.0~prestart: appbackend@1.0.0
6 verbose lifecycle appbackend@1.0.0~prestart: unsafe-perm in lifecycle true
7 verbose lifecycle appbackend@1.0.0~prestart: PATH: /usr/local/lib/node_modules/npm/bin/node-gyp-bin:/Users/tarunsharma-xft/Training-App-Node-Api/node_modules/.bin:/usr/local/bin:/usr/bin:/bin:/usr/sbin:/sbin
8 verbose lifecycle appbackend@1.0.0~prestart: CWD: /Users/tarunsharma-xft/Training-App-Node-Api
9 silly lifecycle appbackend@1.0.0~prestart: Args: [ '-c', 'npm run test' ]
10 silly lifecycle appbackend@1.0.0~prestart: Returned: code: 1  signal: null
11 info lifecycle appbackend@1.0.0~prestart: Failed to exec prestart script
12 verbose stack Error: appbackend@1.0.0 prestart: `npm run test`
12 verbose stack Exit status 1
12 verbose stack     at EventEmitter.<anonymous> (/usr/local/lib/node_modules/npm/lib/utils/lifecycle.js:279:16)
12 verbose stack     at emitTwo (events.js:106:13)
12 verbose stack     at EventEmitter.emit (events.js:192:7)
12 verbose stack     at ChildProcess.<anonymous> (/usr/local/lib/node_modules/npm/lib/utils/spawn.js:40:14)
12 verbose stack     at emitTwo (events.js:106:13)
12 verbose stack     at ChildProcess.emit (events.js:192:7)
12 verbose stack     at maybeClose (internal/child_process.js:890:16)
12 verbose stack     at Process.ChildProcess._handle.onexit (internal/child_process.js:226:5)
13 verbose pkgid appbackend@1.0.0
14 verbose cwd /Users/tarunsharma-xft/Training-App-Node-Api
15 error Darwin 16.4.0
16 error argv "/usr/local/Cellar/node/7.6.0/bin/node" "/usr/local/bin/npm" "run" "start"
17 error node v7.6.0
18 error npm  v4.1.2
19 error code ELIFECYCLE
20 error appbackend@1.0.0 prestart: `npm run test`
20 error Exit status 1
21 error Failed at the appbackend@1.0.0 prestart script 'npm run test'.
21 error Make sure you have the latest version of node.js and npm installed.
21 error If you do, this is most likely a problem with the appbackend package,
21 error not with npm itself.
21 error Tell the author that this fails on your system:
21 error     npm run test
21 error You can get information on how to open an issue for this project with:
21 error     npm bugs appbackend
21 error Or if that isn't available, you can get their info via:
21 error     npm owner ls appbackend
21 error There is likely additional logging output above.
22 verbose exit [ 1, true ]
